2026-06-24T09:41:34.947101+00:00 AVISO slug=seg_social_abono motivo=conteúdo suspeito: apenas 0 caracteres (mínimo 100)
2026-06-24T09:41:42.485380+00:00 AVISO slug=seg_social_rsi motivo=conteúdo suspeito: apenas 0 caracteres (mínimo 100)
2026-06-24T09:42:34.778404+00:00 AVISO slug=dre_bolsa_merito motivo=conteúdo suspeito: apenas 0 caracteres (mínimo 100)
2026-06-24T09:42:34.779098+00:00 AVISO slug=dre_ase_escaloes motivo=conteúdo suspeito: apenas 0 caracteres (mínimo 100)
2026-06-24T09:42:34.779617+00:00 AVISO slug=dre_ias motivo=conteúdo suspeito: apenas 0 caracteres (mínimo 100)
2026-06-24T10:25:40.341456+00:00 AVISO slug=seg_social_abono motivo=conteúdo suspeito: apenas 0 caracteres (mínimo 100)
2026-06-24T10:25:47.233147+00:00 AVISO slug=seg_social_rsi motivo=conteúdo suspeito: apenas 0 caracteres (mínimo 100)
2026-06-24T10:26:35.291452+00:00 AVISO slug=mega_datas motivo=conteúdo suspeito: apenas 0 caracteres (mínimo 100)
2026-06-24T10:26:43.784767+00:00 AVISO slug=dre_bolsa_merito motivo=conteúdo suspeito: apenas 0 caracteres (mínimo 100)
2026-06-24T10:26:43.785657+00:00 AVISO slug=dre_ase_escaloes motivo=conteúdo suspeito: apenas 0 caracteres (mínimo 100)
2026-06-24T10:26:43.786279+00:00 AVISO slug=dre_ias motivo=conteúdo suspeito: apenas 0 caracteres (mínimo 100)
2026-06-24T10:30:53.954305+00:00 AVISO slug=seg_social_abono motivo=conteúdo suspeito: apenas 0 caracteres (mínimo 100)
2026-06-24T10:31:00.309043+00:00 AVISO slug=seg_social_rsi motivo=conteúdo suspeito: apenas 0 caracteres (mínimo 100)
2026-06-24T10:31:17.281388+00:00 AVISO slug=mega_datas motivo=conteúdo suspeito: apenas 0 caracteres (mínimo 100)
2026-06-24T10:31:25.311317+00:00 AVISO slug=dre_bolsa_merito motivo=conteúdo suspeito: apenas 0 caracteres (mínimo 100)
2026-06-24T10:31:25.311906+00:00 AVISO slug=dre_ase_escaloes motivo=conteúdo suspeito: apenas 0 caracteres (mínimo 100)
2026-06-24T10:31:25.312512+00:00 AVISO slug=dre_ias motivo=conteúdo suspeito: apenas 0 caracteres (mínimo 100)
2026-06-24T10:34:25.904135+00:00 AVISO slug=seg_social_abono motivo=conteúdo suspeito: apenas 0 caracteres (mínimo 100)
2026-06-24T10:34:34.324302+00:00 AVISO slug=seg_social_rsi motivo=conteúdo suspeito: apenas 0 caracteres (mínimo 100)
2026-06-24T10:34:55.344564+00:00 AVISO slug=mega_datas motivo=conteúdo suspeito: apenas 0 caracteres (mínimo 100)
2026-06-24T10:35:03.462210+00:00 AVISO slug=dre_bolsa_merito motivo=conteúdo suspeito: apenas 0 caracteres (mínimo 100)
2026-06-24T10:35:03.463060+00:00 AVISO slug=dre_ase_escaloes motivo=conteúdo suspeito: apenas 0 caracteres (mínimo 100)
2026-06-24T10:35:03.463745+00:00 AVISO slug=dre_ias motivo=conteúdo suspeito: apenas 0 caracteres (mínimo 100)
2026-06-24T10:39:37.643222+00:00 AVISO slug=seg_social_abono motivo=conteúdo suspeito: apenas 0 caracteres (mínimo 100)
2026-06-24T10:39:49.117775+00:00 AVISO slug=seg_social_rsi motivo=conteúdo suspeito: apenas 0 caracteres (mínimo 100)
2026-06-24T10:53:36.349240+00:00 AVISO slug=seg_social_abono motivo=conteúdo suspeito: apenas 23 caracteres (mínimo 100)
2026-06-24T10:53:46.533892+00:00 AVISO slug=seg_social_rsi motivo=conteúdo suspeito: apenas 23 caracteres (mínimo 100)
2026-06-25T09:31:37.273928+00:00 AVISO slug=seg_social_abono motivo=conteúdo suspeito: apenas 23 caracteres (mínimo 100)
2026-06-25T09:31:47.152410+00:00 AVISO slug=seg_social_rsi motivo=conteúdo suspeito: apenas 23 caracteres (mínimo 100)
2026-06-26T09:36:40.361123+00:00 AVISO slug=seg_social_abono motivo=conteúdo suspeito: apenas 23 caracteres (mínimo 100)
2026-06-26T09:36:53.630973+00:00 AVISO slug=seg_social_rsi motivo=conteúdo suspeito: apenas 23 caracteres (mínimo 100)
2026-06-27T08:43:16.291083+00:00 AVISO slug=seg_social_abono motivo=conteúdo suspeito: apenas 23 caracteres (mínimo 100)
2026-06-27T08:43:25.818880+00:00 AVISO slug=seg_social_rsi motivo=conteúdo suspeito: apenas 23 caracteres (mínimo 100)
2026-06-28T09:18:39.247792+00:00 AVISO slug=seg_social_abono motivo=conteúdo suspeito: apenas 23 caracteres (mínimo 100)
2026-06-28T09:18:51.017656+00:00 AVISO slug=seg_social_rsi motivo=conteúdo suspeito: apenas 23 caracteres (mínimo 100)
2026-06-29T11:10:34.929984+00:00 AVISO slug=seg_social_abono motivo=conteúdo suspeito: apenas 23 caracteres (mínimo 100)
2026-06-29T11:10:43.158903+00:00 AVISO slug=seg_social_rsi motivo=conteúdo suspeito: apenas 23 caracteres (mínimo 100)
2026-06-29T16:23:55.941161+00:00 AVISO slug=seg_social_abono motivo=conteúdo suspeito: apenas 23 caracteres (mínimo 100)
2026-06-29T16:24:09.068526+00:00 AVISO slug=seg_social_rsi motivo=conteúdo suspeito: apenas 23 caracteres (mínimo 100)
2026-06-30T07:08:30.481220+00:00 AVISO slug=seg_social_abono motivo=conteúdo suspeito: apenas 23 caracteres (mínimo 100)
2026-06-30T07:08:43.189056+00:00 AVISO slug=seg_social_rsi motivo=conteúdo suspeito: apenas 23 caracteres (mínimo 100)
2026-07-01T15:05:47.862350+00:00 AVISO slug=dre_psu motivo=conteúdo suspeito: apenas 0 caracteres (mínimo 100)
