2026-06-23 20:29:42,208 INFO A fazer scrape: https://www.seg-social.pt/abono-de-familia
2026-06-23 20:29:42,903 WARNING Erro na tentativa 1 para https://www.seg-social.pt/abono-de-familia: HTTPSConnectionPool(host='www.seg-social.pt', port=443): Max retries exceeded with url: /abono-de-familia (Caused by ProxyError('Unable to connect to proxy', OSError('Tunnel connection failed: 403 Forbidden')))
2026-06-23 20:29:45,185 WARNING Erro na tentativa 2 para https://www.seg-social.pt/abono-de-familia: HTTPSConnectionPool(host='www.seg-social.pt', port=443): Max retries exceeded with url: /abono-de-familia (Caused by ProxyError('Unable to connect to proxy', OSError('Tunnel connection failed: 403 Forbidden')))
2026-06-23 20:29:49,478 WARNING Erro na tentativa 3 para https://www.seg-social.pt/abono-de-familia: HTTPSConnectionPool(host='www.seg-social.pt', port=443): Max retries exceeded with url: /abono-de-familia (Caused by ProxyError('Unable to connect to proxy', OSError('Tunnel connection failed: 403 Forbidden')))
2026-06-23 20:29:49,478 ERROR VERIFICAÇÃO PENDENTE — https://www.seg-social.pt/abono-de-familia: Falhou após 3 tentativas
2026-06-23 20:29:49,479 INFO A fazer scrape: https://www.seg-social.pt/rendimento-social-de-insercao
2026-06-23 20:29:50,213 WARNING Erro na tentativa 1 para https://www.seg-social.pt/rendimento-social-de-insercao: HTTPSConnectionPool(host='www.seg-social.pt', port=443): Max retries exceeded with url: /rendimento-social-de-insercao (Caused by ProxyError('Unable to connect to proxy', OSError('Tunnel connection failed: 403 Forbidden')))
2026-06-23 20:29:52,512 WARNING Erro na tentativa 2 para https://www.seg-social.pt/rendimento-social-de-insercao: HTTPSConnectionPool(host='www.seg-social.pt', port=443): Max retries exceeded with url: /rendimento-social-de-insercao (Caused by ProxyError('Unable to connect to proxy', OSError('Tunnel connection failed: 403 Forbidden')))
2026-06-23 20:29:56,810 WARNING Erro na tentativa 3 para https://www.seg-social.pt/rendimento-social-de-insercao: HTTPSConnectionPool(host='www.seg-social.pt', port=443): Max retries exceeded with url: /rendimento-social-de-insercao (Caused by ProxyError('Unable to connect to proxy', OSError('Tunnel connection failed: 403 Forbidden')))
2026-06-23 20:29:56,811 ERROR VERIFICAÇÃO PENDENTE — https://www.seg-social.pt/rendimento-social-de-insercao: Falhou após 3 tentativas
2026-06-23 20:29:56,811 INFO A fazer scrape: https://www.dge.mec.pt/acao-social-escolar
2026-06-23 20:29:57,469 WARNING Erro na tentativa 1 para https://www.dge.mec.pt/acao-social-escolar: HTTPSConnectionPool(host='www.dge.mec.pt', port=443): Max retries exceeded with url: /acao-social-escolar (Caused by ProxyError('Unable to connect to proxy', OSError('Tunnel connection failed: 403 Forbidden')))
2026-06-23 20:29:59,797 WARNING Erro na tentativa 2 para https://www.dge.mec.pt/acao-social-escolar: HTTPSConnectionPool(host='www.dge.mec.pt', port=443): Max retries exceeded with url: /acao-social-escolar (Caused by ProxyError('Unable to connect to proxy', OSError('Tunnel connection failed: 403 Forbidden')))
2026-06-23 20:30:04,083 WARNING Erro na tentativa 3 para https://www.dge.mec.pt/acao-social-escolar: HTTPSConnectionPool(host='www.dge.mec.pt', port=443): Max retries exceeded with url: /acao-social-escolar (Caused by ProxyError('Unable to connect to proxy', OSError('Tunnel connection failed: 403 Forbidden')))
2026-06-23 20:30:04,083 ERROR VERIFICAÇÃO PENDENTE — https://www.dge.mec.pt/acao-social-escolar: Falhou após 3 tentativas
2026-06-23 20:30:04,083 INFO A fazer scrape: https://www.dge.mec.pt/bolsas-de-merito
2026-06-23 20:30:04,839 WARNING Erro na tentativa 1 para https://www.dge.mec.pt/bolsas-de-merito: HTTPSConnectionPool(host='www.dge.mec.pt', port=443): Max retries exceeded with url: /bolsas-de-merito (Caused by ProxyError('Unable to connect to proxy', OSError('Tunnel connection failed: 403 Forbidden')))
2026-06-23 20:30:07,459 WARNING Erro na tentativa 2 para https://www.dge.mec.pt/bolsas-de-merito: HTTPSConnectionPool(host='www.dge.mec.pt', port=443): Max retries exceeded with url: /bolsas-de-merito (Caused by ProxyError('Unable to connect to proxy', OSError('Tunnel connection failed: 403 Forbidden')))
2026-06-23 20:30:11,746 WARNING Erro na tentativa 3 para https://www.dge.mec.pt/bolsas-de-merito: HTTPSConnectionPool(host='www.dge.mec.pt', port=443): Max retries exceeded with url: /bolsas-de-merito (Caused by ProxyError('Unable to connect to proxy', OSError('Tunnel connection failed: 403 Forbidden')))
2026-06-23 20:30:11,746 ERROR VERIFICAÇÃO PENDENTE — https://www.dge.mec.pt/bolsas-de-merito: Falhou após 3 tentativas
2026-06-23 20:30:11,747 INFO A fazer scrape: https://mega.mec.pt
2026-06-23 20:30:12,733 WARNING Erro na tentativa 1 para https://mega.mec.pt: HTTPSConnectionPool(host='mega.mec.pt', port=443): Max retries exceeded with url: / (Caused by ProxyError('Unable to connect to proxy', OSError('Tunnel connection failed: 403 Forbidden')))
2026-06-23 20:30:15,077 WARNING Erro na tentativa 2 para https://mega.mec.pt: HTTPSConnectionPool(host='mega.mec.pt', port=443): Max retries exceeded with url: / (Caused by ProxyError('Unable to connect to proxy', OSError('Tunnel connection failed: 403 Forbidden')))
2026-06-23 20:30:19,403 WARNING Erro na tentativa 3 para https://mega.mec.pt: HTTPSConnectionPool(host='mega.mec.pt', port=443): Max retries exceeded with url: / (Caused by ProxyError('Unable to connect to proxy', OSError('Tunnel connection failed: 403 Forbidden')))
2026-06-23 20:30:19,403 ERROR VERIFICAÇÃO PENDENTE — https://mega.mec.pt: Falhou após 3 tentativas
2026-06-23 20:30:19,404 INFO A fazer scrape DRE para 'abono de família 2026': https://dre.pt/pesquisa?q=abono%20de%20fam%C3%ADlia%202026&type=DR1S
2026-06-23 20:30:20,296 WARNING Erro na tentativa 1 para https://dre.pt/pesquisa?q=abono%20de%20fam%C3%ADlia%202026&type=DR1S: HTTPSConnectionPool(host='dre.pt', port=443): Max retries exceeded with url: /pesquisa?q=abono%20de%20fam%C3%ADlia%202026&type=DR1S (Caused by ProxyError('Unable to connect to proxy', OSError('Tunnel connection failed: 403 Forbidden')))
2026-06-23 20:30:22,684 WARNING Erro na tentativa 2 para https://dre.pt/pesquisa?q=abono%20de%20fam%C3%ADlia%202026&type=DR1S: HTTPSConnectionPool(host='dre.pt', port=443): Max retries exceeded with url: /pesquisa?q=abono%20de%20fam%C3%ADlia%202026&type=DR1S (Caused by ProxyError('Unable to connect to proxy', OSError('Tunnel connection failed: 403 Forbidden')))
2026-06-23 20:30:26,971 WARNING Erro na tentativa 3 para https://dre.pt/pesquisa?q=abono%20de%20fam%C3%ADlia%202026&type=DR1S: HTTPSConnectionPool(host='dre.pt', port=443): Max retries exceeded with url: /pesquisa?q=abono%20de%20fam%C3%ADlia%202026&type=DR1S (Caused by ProxyError('Unable to connect to proxy', OSError('Tunnel connection failed: 403 Forbidden')))
2026-06-23 20:30:26,971 ERROR VERIFICAÇÃO PENDENTE — https://dre.pt/pesquisa?q=abono%20de%20fam%C3%ADlia%202026&type=DR1S: Falhou após 3 tentativas
2026-06-23 20:30:26,972 INFO A fazer scrape: https://www.iefp.pt/subsidio-de-desemprego
2026-06-23 20:30:27,680 WARNING Erro na tentativa 1 para https://www.iefp.pt/subsidio-de-desemprego: HTTPSConnectionPool(host='www.iefp.pt', port=443): Max retries exceeded with url: /subsidio-de-desemprego (Caused by ProxyError('Unable to connect to proxy', OSError('Tunnel connection failed: 403 Forbidden')))
2026-06-23 20:30:29,967 WARNING Erro na tentativa 2 para https://www.iefp.pt/subsidio-de-desemprego: HTTPSConnectionPool(host='www.iefp.pt', port=443): Max retries exceeded with url: /subsidio-de-desemprego (Caused by ProxyError('Unable to connect to proxy', OSError('Tunnel connection failed: 403 Forbidden')))
2026-06-23 20:30:34,340 WARNING Erro na tentativa 3 para https://www.iefp.pt/subsidio-de-desemprego: HTTPSConnectionPool(host='www.iefp.pt', port=443): Max retries exceeded with url: /subsidio-de-desemprego (Caused by ProxyError('Unable to connect to proxy', OSError('Tunnel connection failed: 403 Forbidden')))
2026-06-23 20:30:34,340 ERROR VERIFICAÇÃO PENDENTE — https://www.iefp.pt/subsidio-de-desemprego: Falhou após 3 tentativas
